#Ant properties
#Thu Dec 25 10:08:16 CST 2008
DSTAMP=20081225
TODAY=December 25 2008
TSTAMP=1008
alt.target=05
ant.core.lib=c\:\\apache-ant-1.7.1\\lib\\ant.jar
ant.file=c\:\\jbia-src\\ch07\\build.xml
ant.file.ch07=c\:\\jbia-src\\ch07\\build.xml
ant.file.jbia=c\:\\jbia-src\\ch00\\build-include.xml
ant.file.ssl-include=c\:\\jbia-src\\ch00\\ssl-include.xml
ant.home=c\:/apache-ant-1.7.1
ant.java.version=1.6
ant.library.dir=c\:/apache-ant-1.7.1/lib
ant.project.name=ch07
ant.version=Apache Ant version 1.7.1 compiled on June 27 2008
app.name=greeter
awt.toolkit=sun.awt.windows.WToolkit
basedir=c\:\\jbia-src\\ch07
book.chapter=Ch 06 - Configuring Enterprise Applications
copy-alt=true
cygwin.user.home=C\:/cygwin/home/Javid
database.hsqldb=hsqldb
database.password=
database.type=hsqldb
database.user=sa
db.database=enterprisedb
db.datasource=jdbc/enterpriseDS
db.dialect=org.hibernate.dialect.HSQLDialect
db.driver=org.hsqldb.jdbcDriver
db.dsxml=c\:\\jbia-src\\ch00/src/main/db/jbia-ds.xml
db.generator=identity
db.password=
db.type.mapping=Hypersonic SQL
db.url.base=jdbc\:hsqldb\:${jboss.server.data.dir}${/}enterprisedb${/}
db.user=sa
dir.alt=c\:\\jbia-src\\ch07\\src\\alt
dir.ch00=c\:\\jbia-src\\ch00
dir.classes=c\:\\jbia-src\\ch07\\target\\classes
dir.client=c\:\\jboss-5.0.0.GA\\client
dir.conf=c\:\\jboss-5.0.0.GA\\server\\enterprise\\conf
dir.config=c\:\\jbia-src\\ch07\\target\\jboss
dir.config.src=c\:\\jbia-src\\ch07\\src\\sampleapp\\jboss
dir.db=c\:\\jbia-src\\ch00/src/main/db
dir.deploy=c\:\\jboss-5.0.0.GA\\server\\enterprise\\deploy
dir.dist=c\:\\jbia-src\\ch07\\target\\dist
dir.examples=c\:\\jboss-5.0.0.GA/docs/examples
dir.gen=c\:\\jbia-src\\ch07\\target\\gen
dir.java=c\:\\jbia-src\\ch07\\src\\sampleapp\\java
dir.lib=c\:\\jboss-5.0.0.GA\\server\\enterprise\\lib
dir.main=c\:\\jbia-src\\ch07\\src\\sampleapp
dir.output=c\:\\jbia-src\\ch07\\target
dir.resources=c\:\\jbia-src\\ch07\\src\\sampleapp\\resources
dir.script=c\:\\jbia-src\\ch07\\src\\sampleapp\\script
dir.server=c\:\\jboss-5.0.0.GA\\server\\enterprise
dir.server.base=c\:\\jboss-5.0.0.GA\\server
dir.src=c\:\\jbia-src\\ch07\\src
ear.name=greeter.ear
ear.path=c\:\\jbia-src\\ch07\\target\\dist\\greeter.ear
ejbjar.name=video.jar
ejbjar.path=c\:\\jbia-src\\ch07\\target\\dist\\video.jar
file.encoding=Cp1252
file.encoding.pkg=sun.io
file.separator=\\
har.name=video.har
har.path=c\:\\jbia-src\\ch07\\target\\dist\\video.har
home.jboss=c\:\\jboss-5.0.0.GA
home.native=/opt/jboss/download/jboss-native-2.0.4-windows-x86-ssl
home.portal=/opt/jboss/portal/jboss-portal-2.6.5.SP1
jar.name=greeter.jar
jar.path=c\:\\jbia-src\\ch07\\target\\dist\\greeter.jar
java.awt.graphicsenv=sun.awt.Win32GraphicsEnvironment
java.awt.printerjob=sun.awt.windows.WPrinterJob
java.class.path=c\:/apache-ant-1.7.1/lib/ant-launcher.jar;c\:\\apache-ant-1.7.1\\lib\\ant-antlr.jar;c\:\\apache-ant-1.7.1\\lib\\ant-apache-bcel.jar;c\:\\apache-ant-1.7.1\\lib\\ant-apache-bsf.jar;c\:\\apache-ant-1.7.1\\lib\\ant-apache-log4j.jar;c\:\\apache-ant-1.7.1\\lib\\ant-apache-oro.jar;c\:\\apache-ant-1.7.1\\lib\\ant-apache-regexp.jar;c\:\\apache-ant-1.7.1\\lib\\ant-apache-resolver.jar;c\:\\apache-ant-1.7.1\\lib\\ant-commons-logging.jar;c\:\\apache-ant-1.7.1\\lib\\ant-commons-net.jar;c\:\\apache-ant-1.7.1\\lib\\ant-jai.jar;c\:\\apache-ant-1.7.1\\lib\\ant-javamail.jar;c\:\\apache-ant-1.7.1\\lib\\ant-jdepend.jar;c\:\\apache-ant-1.7.1\\lib\\ant-jmf.jar;c\:\\apache-ant-1.7.1\\lib\\ant-jsch.jar;c\:\\apache-ant-1.7.1\\lib\\ant-junit.jar;c\:\\apache-ant-1.7.1\\lib\\ant-launcher.jar;c\:\\apache-ant-1.7.1\\lib\\ant-netrexx.jar;c\:\\apache-ant-1.7.1\\lib\\ant-nodeps.jar;c\:\\apache-ant-1.7.1\\lib\\ant-starteam.jar;c\:\\apache-ant-1.7.1\\lib\\ant-stylebook.jar;c\:\\apache-ant-1.7.1\\lib\\ant-swing.jar;c\:\\apache-ant-1.7.1\\lib\\ant-testutil.jar;c\:\\apache-ant-1.7.1\\lib\\ant-trax.jar;c\:\\apache-ant-1.7.1\\lib\\ant-weblogic.jar;c\:\\apache-ant-1.7.1\\lib\\ant.jar;c\:\\apache-ant-1.7.1\\lib\\xercesImpl.jar;c\:\\apache-ant-1.7.1\\lib\\xml-apis.jar;c\:\\java\\jdk1.6.0_07\\lib\\tools.jar
java.class.version=50.0
java.endorsed.dirs=c\:\\java\\jdk1.6.0_07\\jre\\lib\\endorsed
java.ext.dirs=c\:\\java\\jdk1.6.0_07\\jre\\lib\\ext;C\:\\WINDOWS\\Sun\\Java\\lib\\ext
java.home=c\:\\java\\jdk1.6.0_07\\jre
java.io.tmpdir=c\:\\DOCUME~1\\Javid\\LOCALS~1\\Temp\\
java.library.path=c\:\\java\\jdk1.6.0_07\\jre\\bin;.;C\:\\WINDOWS\\Sun\\Java\\bin;C\:\\WINDOWS\\system32;C\:\\WINDOWS;C\:\\cygwin\\usr\\local\\bin;C\:\\cygwin\\bin;C\:\\cygwin\\bin;C\:\\cygwin\\usr\\X11R6\\bin;c\:\\apache-ant-1.7.1\\bin;c\:\\WINDOWS\\system32;c\:\\WINDOWS;c\:\\WINDOWS\\System32\\Wbem;c\:\\Program Files\\ATI Technologies\\ATI.ACE\\;c\:\\Program Files\\Common Files\\Adobe\\AGL
java.runtime.name=Java(TM) SE Runtime Environment
java.runtime.version=1.6.0_07-b06
java.specification.name=Java Platform API Specification
java.specification.vendor=Sun Microsystems Inc.
java.specification.version=1.6
java.vendor=Sun Microsystems Inc.
java.vendor.url=http\://java.sun.com/
java.vendor.url.bug=http\://java.sun.com/cgi-bin/bugreport.cgi
java.version=1.6.0_07
java.vm.info=mixed mode, sharing
java.vm.name=Java HotSpot(TM) Client VM
java.vm.specification.name=Java Virtual Machine Specification
java.vm.specification.vendor=Sun Microsystems Inc.
java.vm.specification.version=1.0
java.vm.vendor=Sun Microsystems Inc.
java.vm.version=10.0-b23
jboss.base=c\:/
jboss.server=enterprise
jboss.server.config=default
jboss.version=jboss-5.0.0.GA
jboss.zip=c\:/jbia-src/binaries/jboss-5.0.0.GA.zip
keytool.executable=c\:/java/jdk1.6.0_07/bin/keytool
line.separator=\r\n
mysql.jar=/opt/m2_repo/mysql/mysql-connector-java/5.1.6/mysql-connector-java-5.1.6.jar
mysql.password=
mysql.user=root
need.preprocess=true
need.resources=true
openssl.executable=C\:/OpenSSL/bin/openssl
os.arch=x86
os.name=Windows XP
os.version=5.1
os.windows=true
path.separator=;
postgresql.jar=/opt/m2_repo/postgresql/postgresql/8.3-603.jdbc3/postgresql-8.3-603.jdbc3.jar
postgresql.password=
postgresql.user=postgres
resourcejar.name=dynamic-login.jar
resourcejar.path=c\:\\jbia-src\\ch07\\target\\dist\\dynamic-login.jar
security.realm=simple-security-domain
sun.arch.data.model=32
sun.boot.class.path=c\:\\java\\jdk1.6.0_07\\jre\\lib\\resources.jar;c\:\\java\\jdk1.6.0_07\\jre\\lib\\rt.jar;c\:\\java\\jdk1.6.0_07\\jre\\lib\\sunrsasign.jar;c\:\\java\\jdk1.6.0_07\\jre\\lib\\jsse.jar;c\:\\java\\jdk1.6.0_07\\jre\\lib\\jce.jar;c\:\\java\\jdk1.6.0_07\\jre\\lib\\charsets.jar;c\:\\java\\jdk1.6.0_07\\jre\\classes
sun.boot.library.path=c\:\\java\\jdk1.6.0_07\\jre\\bin
sun.cpu.endian=little
sun.cpu.isalist=pentium_pro+mmx pentium_pro pentium+mmx pentium i486 i386 i86
sun.desktop=windows
sun.io.unicode.encoding=UnicodeLittle
sun.java.launcher=SUN_STANDARD
sun.jnu.encoding=Cp1252
sun.management.compiler=HotSpot Client Compiler
sun.os.patch.level=Service Pack 2
time.build=2008-12-25 10\:08
user.country=US
user.dir=c\:\\jbia-src\\ch07
user.home=C\:\\Documents and Settings\\Javid
user.language=en
user.name=Javid
user.timezone=
user.variant=
war.name=greeter.war
war.path=c\:\\jbia-src\\ch07\\target\\dist\\greeter.war
